<?xml version="1.0" encoding="UTF-8"?>
<testsuite xmlns:xsi="http://www.w3.org/2001/XMLSchema-instance" xsi:noNamespaceSchemaLocation="https://maven.apache.org/surefire/maven-surefire-plugin/xsd/surefire-test-report-3.0.xsd" version="3.0" name="edu.cooper.ece465.commons.MatrixTest" time="0.006" tests="3" errors="0" skipped="0" failures="0">
  <properties>
[...]
</properties>
  <testcase name="equals" classname="edu.cooper.ece465.commons.MatrixTest" time="0.006"/>
  <testcase name="incrementFromMatrices" classname="edu.cooper.ece465.commons.MatrixTest" time="0"/>
  <testcase name="I" classname="edu.cooper.ece465.commons.MatrixTest" time="0"/>
</testsuite>